2019-04-26 09:22:09,916 [1] INFO  log4net.AppLog [(null)] - 在其上下文中，该请求的地址无效。
2019-04-26 09:22:09,956 [1] ERROR log4net.AppLog [(null)] - Ping 请求期间发生异常。
2019-04-26 09:22:11,011 [1] INFO  log4net.AppLog [(null)] - 总PING数：1丢包数：1丢包率：100.00
2019-04-26 09:22:12,011 [1] INFO  log4net.AppLog [(null)] - 总PING数：2丢包数：2丢包率：100.00
2019-04-26 09:22:21,511 [1] INFO  log4net.AppLog [(null)] - 总PING数：3丢包数：3丢包率：100.00
2019-04-26 09:22:31,511 [1] INFO  log4net.AppLog [(null)] - 总PING数：4丢包数：4丢包率：100.00
2019-04-26 09:22:41,511 [1] INFO  log4net.AppLog [(null)] - 总PING数：5丢包数：5丢包率：100.00
2019-04-26 09:22:51,514 [1] INFO  log4net.AppLog [(null)] - 总PING数：6丢包数：6丢包率：100.00
2019-04-26 09:23:01,512 [1] INFO  log4net.AppLog [(null)] - 总PING数：7丢包数：7丢包率：100.00
2019-04-26 09:23:11,512 [1] INFO  log4net.AppLog [(null)] - 总PING数：8丢包数：8丢包率：100.00
2019-04-26 09:23:21,512 [1] INFO  log4net.AppLog [(null)] - 总PING数：9丢包数：9丢包率：100.00
2019-04-26 09:23:31,512 [1] INFO  log4net.AppLog [(null)] - 总PING数：10丢包数：10丢包率：100.00
2019-04-26 09:23:41,512 [1] INFO  log4net.AppLog [(null)] - 总PING数：11丢包数：11丢包率：100.00
2019-04-26 09:23:51,512 [1] INFO  log4net.AppLog [(null)] - 总PING数：12丢包数：12丢包率：100.00
2019-04-26 09:24:01,512 [1] INFO  log4net.AppLog [(null)] - 总PING数：13丢包数：13丢包率：100.00
2019-04-26 09:24:11,512 [1] INFO  log4net.AppLog [(null)] - 总PING数：14丢包数：14丢包率：100.00
2019-04-26 09:24:21,515 [1] INFO  log4net.AppLog [(null)] - 总PING数：15丢包数：15丢包率：100.00
2019-04-26 09:24:31,515 [1] INFO  log4net.AppLog [(null)] - 总PING数：16丢包数：16丢包率：100.00
2019-04-26 09:24:41,515 [1] INFO  log4net.AppLog [(null)] - 总PING数：17丢包数：17丢包率：100.00
2019-04-26 09:24:51,515 [1] INFO  log4net.AppLog [(null)] - 总PING数：18丢包数：18丢包率：100.00
2019-04-26 09:25:01,512 [1] INFO  log4net.AppLog [(null)] - 总PING数：19丢包数：19丢包率：100.00
2019-04-26 09:25:11,512 [1] INFO  log4net.AppLog [(null)] - 总PING数：20丢包数：20丢包率：100.00
2019-04-26 09:25:21,512 [1] INFO  log4net.AppLog [(null)] - 总PING数：21丢包数：21丢包率：100.00
2019-04-26 09:25:31,510 [1] INFO  log4net.AppLog [(null)] - 总PING数：22丢包数：22丢包率：100.00
2019-04-26 09:25:41,510 [1] INFO  log4net.AppLog [(null)] - 总PING数：23丢包数：23丢包率：100.00
2019-04-26 09:25:51,510 [1] INFO  log4net.AppLog [(null)] - 总PING数：24丢包数：24丢包率：100.00
2019-04-26 09:26:01,510 [1] INFO  log4net.AppLog [(null)] - 总PING数：25丢包数：25丢包率：100.00
2019-04-26 09:26:11,510 [1] INFO  log4net.AppLog [(null)] - 总PING数：26丢包数：26丢包率：100.00
2019-04-26 09:26:21,510 [1] INFO  log4net.AppLog [(null)] - 总PING数：27丢包数：27丢包率：100.00
2019-04-26 09:26:31,510 [1] INFO  log4net.AppLog [(null)] - 总PING数：28丢包数：28丢包率：100.00
2019-04-26 09:26:41,510 [1] INFO  log4net.AppLog [(null)] - 总PING数：29丢包数：29丢包率：100.00
2019-04-26 09:26:51,510 [1] INFO  log4net.AppLog [(null)] - 总PING数：30丢包数：30丢包率：100.00
2019-04-26 09:27:01,510 [1] INFO  log4net.AppLog [(null)] - 总PING数：31丢包数：31丢包率：100.00
2019-04-26 09:27:11,510 [1] INFO  log4net.AppLog [(null)] - 总PING数：32丢包数：32丢包率：100.00
2019-04-26 09:27:21,510 [1] INFO  log4net.AppLog [(null)] - 总PING数：33丢包数：33丢包率：100.00
2019-04-26 09:27:31,510 [1] INFO  log4net.AppLog [(null)] - 总PING数：34丢包数：34丢包率：100.00
2019-04-26 09:27:41,510 [1] INFO  log4net.AppLog [(null)] - 总PING数：35丢包数：35丢包率：100.00
2019-04-26 09:27:51,510 [1] INFO  log4net.AppLog [(null)] - 总PING数：36丢包数：36丢包率：100.00
2019-04-26 09:28:01,510 [1] INFO  log4net.AppLog [(null)] - 总PING数：37丢包数：37丢包率：100.00
2019-04-26 09:28:11,510 [1] INFO  log4net.AppLog [(null)] - 总PING数：38丢包数：38丢包率：100.00
2019-04-26 09:28:21,510 [1] INFO  log4net.AppLog [(null)] - 总PING数：39丢包数：39丢包率：100.00
2019-04-26 09:28:31,510 [1] INFO  log4net.AppLog [(null)] - 总PING数：40丢包数：40丢包率：100.00
2019-04-26 09:28:41,510 [1] INFO  log4net.AppLog [(null)] - 总PING数：41丢包数：41丢包率：100.00
2019-04-26 09:28:51,513 [1] INFO  log4net.AppLog [(null)] - 总PING数：42丢包数：42丢包率：100.00
2019-04-26 09:29:01,511 [1] INFO  log4net.AppLog [(null)] - 总PING数：43丢包数：43丢包率：100.00
2019-04-26 09:29:11,511 [1] INFO  log4net.AppLog [(null)] - 总PING数：44丢包数：44丢包率：100.00
2019-04-26 09:29:21,511 [1] INFO  log4net.AppLog [(null)] - 总PING数：45丢包数：45丢包率：100.00
2019-04-26 09:29:31,511 [1] INFO  log4net.AppLog [(null)] - 总PING数：46丢包数：46丢包率：100.00
2019-04-26 09:29:41,511 [1] INFO  log4net.AppLog [(null)] - 总PING数：47丢包数：47丢包率：100.00
2019-04-26 09:29:51,511 [1] INFO  log4net.AppLog [(null)] - 总PING数：48丢包数：48丢包率：100.00
2019-04-26 09:30:01,511 [1] INFO  log4net.AppLog [(null)] - 总PING数：49丢包数：49丢包率：100.00
2019-04-26 09:30:11,511 [1] INFO  log4net.AppLog [(null)] - 总PING数：50丢包数：50丢包率：100.00
2019-04-26 09:30:21,511 [1] INFO  log4net.AppLog [(null)] - 总PING数：51丢包数：51丢包率：100.00
2019-04-26 09:30:31,511 [1] INFO  log4net.AppLog [(null)] - 总PING数：52丢包数：52丢包率：100.00
2019-04-26 09:30:41,511 [1] INFO  log4net.AppLog [(null)] - 总PING数：53丢包数：53丢包率：100.00
2019-04-26 09:30:51,511 [1] INFO  log4net.AppLog [(null)] - 总PING数：54丢包数：54丢包率：100.00
2019-04-26 09:31:01,511 [1] INFO  log4net.AppLog [(null)] - 总PING数：55丢包数：55丢包率：100.00
2019-04-26 09:31:11,511 [1] INFO  log4net.AppLog [(null)] - 总PING数：56丢包数：56丢包率：100.00
2019-04-26 09:31:21,511 [1] INFO  log4net.AppLog [(null)] - 总PING数：57丢包数：57丢包率：100.00
2019-04-26 09:31:31,511 [1] INFO  log4net.AppLog [(null)] - 总PING数：58丢包数：58丢包率：100.00
2019-04-26 09:31:41,511 [1] INFO  log4net.AppLog [(null)] - 总PING数：59丢包数：59丢包率：100.00
2019-04-26 09:31:51,511 [1] INFO  log4net.AppLog [(null)] - 总PING数：60丢包数：60丢包率：100.00
2019-04-26 09:32:01,511 [1] INFO  log4net.AppLog [(null)] - 总PING数：1丢包数：1丢包率：100.00
2019-04-26 09:32:11,511 [1] INFO  log4net.AppLog [(null)] - 总PING数：2丢包数：2丢包率：100.00
2019-04-26 09:32:21,511 [1] INFO  log4net.AppLog [(null)] - 总PING数：3丢包数：3丢包率：100.00
2019-04-26 09:32:31,511 [1] INFO  log4net.AppLog [(null)] - 总PING数：4丢包数：4丢包率：100.00
2019-04-26 09:32:41,511 [1] INFO  log4net.AppLog [(null)] - 总PING数：5丢包数：5丢包率：100.00
2019-04-26 09:32:51,511 [1] INFO  log4net.AppLog [(null)] - 总PING数：6丢包数：6丢包率：100.00
2019-04-26 09:33:01,511 [1] INFO  log4net.AppLog [(null)] - 总PING数：7丢包数：7丢包率：100.00
2019-04-26 09:33:11,511 [1] INFO  log4net.AppLog [(null)] - 总PING数：8丢包数：8丢包率：100.00
2019-04-26 09:33:21,511 [1] INFO  log4net.AppLog [(null)] - 总PING数：9丢包数：9丢包率：100.00
2019-04-26 09:33:31,511 [1] INFO  log4net.AppLog [(null)] - 总PING数：10丢包数：10丢包率：100.00
2019-04-26 09:33:41,511 [1] INFO  log4net.AppLog [(null)] - 总PING数：11丢包数：11丢包率：100.00
2019-04-26 09:33:51,511 [1] INFO  log4net.AppLog [(null)] - 总PING数：12丢包数：12丢包率：100.00
2019-04-26 09:34:01,511 [1] INFO  log4net.AppLog [(null)] - 总PING数：13丢包数：13丢包率：100.00
2019-04-26 09:34:11,511 [1] INFO  log4net.AppLog [(null)] - 总PING数：14丢包数：14丢包率：100.00
2019-04-26 09:34:21,511 [1] INFO  log4net.AppLog [(null)] - 总PING数：15丢包数：15丢包率：100.00
2019-04-26 09:34:31,511 [1] INFO  log4net.AppLog [(null)] - 总PING数：16丢包数：16丢包率：100.00
2019-04-26 09:34:41,511 [1] INFO  log4net.AppLog [(null)] - 总PING数：17丢包数：17丢包率：100.00
2019-04-26 09:34:51,511 [1] INFO  log4net.AppLog [(null)] - 总PING数：18丢包数：18丢包率：100.00
2019-04-26 09:35:01,511 [1] INFO  log4net.AppLog [(null)] - 总PING数：19丢包数：19丢包率：100.00
2019-04-26 09:35:11,511 [1] INFO  log4net.AppLog [(null)] - 总PING数：20丢包数：20丢包率：100.00
2019-04-26 09:35:21,511 [1] INFO  log4net.AppLog [(null)] - 总PING数：21丢包数：21丢包率：100.00
2019-04-26 09:35:31,511 [1] INFO  log4net.AppLog [(null)] - 总PING数：22丢包数：22丢包率：100.00
2019-04-26 09:35:41,511 [1] INFO  log4net.AppLog [(null)] - 总PING数：23丢包数：23丢包率：100.00
2019-04-26 09:35:51,511 [1] INFO  log4net.AppLog [(null)] - 总PING数：24丢包数：24丢包率：100.00
2019-04-26 09:36:01,511 [1] INFO  log4net.AppLog [(null)] - 总PING数：25丢包数：25丢包率：100.00
2019-04-26 09:36:11,511 [1] INFO  log4net.AppLog [(null)] - 总PING数：26丢包数：26丢包率：100.00
2019-04-26 09:36:21,511 [1] INFO  log4net.AppLog [(null)] - 总PING数：27丢包数：27丢包率：100.00
2019-04-26 09:36:31,511 [1] INFO  log4net.AppLog [(null)] - 总PING数：28丢包数：28丢包率：100.00
2019-04-26 09:36:41,511 [1] INFO  log4net.AppLog [(null)] - 总PING数：29丢包数：29丢包率：100.00
2019-04-26 09:36:51,511 [1] INFO  log4net.AppLog [(null)] - 总PING数：30丢包数：30丢包率：100.00
2019-04-26 09:47:53,686 [1] INFO  log4net.AppLog [(null)] - 在其上下文中，该请求的地址无效。
2019-04-26 09:47:53,776 [1] INFO  log4net.AppLog [(null)] - 总PING数：1丢包数：1丢包率：100.00
2019-04-26 09:48:04,276 [1] INFO  log4net.AppLog [(null)] - 总PING数：2丢包数：2丢包率：100.00
2019-04-26 09:48:14,279 [1] INFO  log4net.AppLog [(null)] - 总PING数：3丢包数：3丢包率：100.00
2019-04-26 09:48:24,279 [1] INFO  log4net.AppLog [(null)] - 总PING数：4丢包数：4丢包率：100.00
2019-04-26 09:48:34,279 [1] INFO  log4net.AppLog [(null)] - 总PING数：5丢包数：5丢包率：100.00
2019-04-26 09:48:44,279 [1] INFO  log4net.AppLog [(null)] - 总PING数：6丢包数：6丢包率：100.00
2019-04-26 09:48:54,279 [1] INFO  log4net.AppLog [(null)] - 总PING数：7丢包数：7丢包率：100.00
2019-04-26 09:49:04,280 [1] INFO  log4net.AppLog [(null)] - 总PING数：8丢包数：8丢包率：100.00
2019-04-26 09:49:14,277 [1] INFO  log4net.AppLog [(null)] - 总PING数：9丢包数：9丢包率：100.00
2019-04-26 09:49:24,276 [1] INFO  log4net.AppLog [(null)] - 总PING数：10丢包数：10丢包率：100.00
2019-04-26 09:49:34,280 [1] INFO  log4net.AppLog [(null)] - 总PING数：11丢包数：11丢包率：100.00
2019-04-26 09:49:44,280 [1] INFO  log4net.AppLog [(null)] - 总PING数：12丢包数：12丢包率：100.00
2019-04-26 09:49:54,280 [1] INFO  log4net.AppLog [(null)] - 总PING数：13丢包数：13丢包率：100.00
2019-04-26 09:50:04,280 [1] INFO  log4net.AppLog [(null)] - 总PING数：14丢包数：14丢包率：100.00
2019-04-26 11:06:15,736 [9] INFO  log4net.AppLog [(null)] - UDP监听器已成功启动
2019-04-26 11:06:15,947 [9] INFO  log4net.AppLog [(null)] - 总PING数：1丢包数：1丢包率：100.00
2019-04-26 11:06:28,347 [10] INFO  log4net.AppLog [(null)] - UDP监听器已成功启动
2019-04-26 11:06:28,446 [10] INFO  log4net.AppLog [(null)] - 总PING数：1丢包数：1丢包率：100.00
2019-04-26 11:06:38,946 [10] INFO  log4net.AppLog [(null)] - 总PING数：2丢包数：2丢包率：100.00
2019-04-26 11:06:48,946 [10] INFO  log4net.AppLog [(null)] - 总PING数：3丢包数：3丢包率：100.00
2019-04-26 11:06:58,947 [10] INFO  log4net.AppLog [(null)] - 总PING数：4丢包数：4丢包率：100.00
2019-04-26 11:07:08,946 [10] INFO  log4net.AppLog [(null)] - 总PING数：5丢包数：5丢包率：100.00
2019-04-26 11:07:18,946 [10] INFO  log4net.AppLog [(null)] - 总PING数：6丢包数：6丢包率：100.00
2019-04-26 11:08:31,700 [8] INFO  log4net.AppLog [(null)] - UDP监听器已成功启动
2019-04-26 11:08:31,946 [8] INFO  log4net.AppLog [(null)] - 总PING数：1丢包数：1丢包率：100.00
2019-04-26 11:08:32,947 [8] INFO  log4net.AppLog [(null)] - 总PING数：2丢包数：2丢包率：100.00
2019-04-26 11:08:33,946 [8] INFO  log4net.AppLog [(null)] - 总PING数：3丢包数：3丢包率：100.00
2019-04-26 11:08:34,946 [8] INFO  log4net.AppLog [(null)] - 总PING数：4丢包数：4丢包率：100.00
2019-04-26 11:08:35,946 [8] INFO  log4net.AppLog [(null)] - 总PING数：5丢包数：5丢包率：100.00
2019-04-26 11:08:36,946 [8] INFO  log4net.AppLog [(null)] - 总PING数：6丢包数：6丢包率：100.00
2019-04-26 11:08:37,946 [8] INFO  log4net.AppLog [(null)] - 总PING数：7丢包数：7丢包率：100.00
2019-04-26 11:08:38,947 [8] INFO  log4net.AppLog [(null)] - 总PING数：8丢包数：8丢包率：100.00
2019-04-26 11:08:39,946 [8] INFO  log4net.AppLog [(null)] - 总PING数：9丢包数：9丢包率：100.00
2019-04-26 11:08:40,946 [8] INFO  log4net.AppLog [(null)] - 总PING数：10丢包数：10丢包率：100.00
2019-04-26 11:08:41,947 [8] INFO  log4net.AppLog [(null)] - 总PING数：11丢包数：11丢包率：100.00
2019-04-26 11:08:42,946 [8] INFO  log4net.AppLog [(null)] - 总PING数：12丢包数：12丢包率：100.00
2019-04-26 11:08:43,946 [8] INFO  log4net.AppLog [(null)] - 总PING数：13丢包数：13丢包率：100.00
2019-04-26 11:09:43,424 [9] INFO  log4net.AppLog [(null)] - UDP监听器已成功启动
2019-04-26 11:09:43,446 [9] INFO  log4net.AppLog [(null)] - 总PING数：1丢包数：1丢包率：100.00
2019-04-26 11:09:44,446 [9] INFO  log4net.AppLog [(null)] - 总PING数：2丢包数：2丢包率：100.00
2019-04-26 11:09:45,447 [9] INFO  log4net.AppLog [(null)] - 总PING数：3丢包数：3丢包率：100.00
2019-04-26 11:09:46,446 [9] INFO  log4net.AppLog [(null)] - 总PING数：4丢包数：4丢包率：100.00
2019-04-26 11:09:47,446 [9] INFO  log4net.AppLog [(null)] - 总PING数：5丢包数：5丢包率：100.00
2019-04-26 11:09:48,446 [9] INFO  log4net.AppLog [(null)] - 总PING数：6丢包数：6丢包率：100.00
2019-04-26 11:09:49,446 [9] INFO  log4net.AppLog [(null)] - 总PING数：7丢包数：7丢包率：100.00
2019-04-26 11:09:50,446 [9] INFO  log4net.AppLog [(null)] - 总PING数：8丢包数：8丢包率：100.00
2019-04-26 11:09:51,447 [9] INFO  log4net.AppLog [(null)] - 总PING数：9丢包数：9丢包率：100.00
2019-04-26 11:09:52,446 [9] INFO  log4net.AppLog [(null)] - 总PING数：10丢包数：10丢包率：100.00
2019-04-26 11:09:53,446 [9] INFO  log4net.AppLog [(null)] - 总PING数：11丢包数：11丢包率：100.00
2019-04-26 11:09:54,446 [9] INFO  log4net.AppLog [(null)] - 总PING数：12丢包数：12丢包率：100.00
2019-04-26 11:09:55,447 [9] INFO  log4net.AppLog [(null)] - 总PING数：13丢包数：13丢包率：100.00
2019-04-26 11:09:56,446 [9] INFO  log4net.AppLog [(null)] - 总PING数：14丢包数：14丢包率：100.00
2019-04-26 11:09:57,446 [9] INFO  log4net.AppLog [(null)] - 总PING数：15丢包数：15丢包率：100.00
2019-04-26 11:09:58,446 [9] INFO  log4net.AppLog [(null)] - 总PING数：16丢包数：16丢包率：100.00
2019-04-26 11:09:59,446 [9] INFO  log4net.AppLog [(null)] - 总PING数：17丢包数：17丢包率：100.00
2019-04-26 11:10:00,447 [9] INFO  log4net.AppLog [(null)] - 总PING数：18丢包数：18丢包率：100.00
2019-04-26 11:10:01,447 [9] INFO  log4net.AppLog [(null)] - 总PING数：19丢包数：19丢包率：100.00
2019-04-26 11:10:02,446 [9] INFO  log4net.AppLog [(null)] - 总PING数：20丢包数：20丢包率：100.00
2019-04-26 11:10:03,447 [9] INFO  log4net.AppLog [(null)] - 总PING数：21丢包数：21丢包率：100.00
2019-04-26 11:10:04,447 [9] INFO  log4net.AppLog [(null)] - 总PING数：22丢包数：22丢包率：100.00
2019-04-26 11:10:05,462 [9] INFO  log4net.AppLog [(null)] - 总PING数：23丢包数：23丢包率：100.00
2019-04-26 11:10:06,446 [9] INFO  log4net.AppLog [(null)] - 总PING数：24丢包数：24丢包率：100.00
2019-04-26 11:10:07,447 [9] INFO  log4net.AppLog [(null)] - 总PING数：25丢包数：25丢包率：100.00
2019-04-26 11:10:08,446 [9] INFO  log4net.AppLog [(null)] - 总PING数：26丢包数：26丢包率：100.00
2019-04-26 11:10:09,446 [9] INFO  log4net.AppLog [(null)] - 总PING数：27丢包数：27丢包率：100.00
2019-04-26 11:10:10,447 [9] INFO  log4net.AppLog [(null)] - 总PING数：28丢包数：28丢包率：100.00
2019-04-26 11:10:11,446 [9] INFO  log4net.AppLog [(null)] - 总PING数：29丢包数：29丢包率：100.00
2019-04-26 11:10:12,446 [9] INFO  log4net.AppLog [(null)] - 总PING数：30丢包数：30丢包率：100.00
2019-04-26 11:10:13,447 [9] INFO  log4net.AppLog [(null)] - 总PING数：31丢包数：31丢包率：100.00
2019-04-26 11:10:14,446 [9] INFO  log4net.AppLog [(null)] - 总PING数：32丢包数：32丢包率：100.00
2019-04-26 11:10:15,446 [9] INFO  log4net.AppLog [(null)] - 总PING数：33丢包数：33丢包率：100.00
2019-04-26 11:10:16,447 [9] INFO  log4net.AppLog [(null)] - 总PING数：34丢包数：34丢包率：100.00
2019-04-26 11:10:17,446 [9] INFO  log4net.AppLog [(null)] - 总PING数：35丢包数：35丢包率：100.00
2019-04-26 11:10:18,446 [9] INFO  log4net.AppLog [(null)] - 总PING数：36丢包数：36丢包率：100.00
2019-04-26 11:10:19,447 [9] INFO  log4net.AppLog [(null)] - 总PING数：37丢包数：37丢包率：100.00
2019-04-26 11:10:20,446 [9] INFO  log4net.AppLog [(null)] - 总PING数：38丢包数：38丢包率：100.00
2019-04-26 11:10:21,446 [9] INFO  log4net.AppLog [(null)] - 总PING数：39丢包数：39丢包率：100.00
2019-04-26 11:10:22,447 [9] INFO  log4net.AppLog [(null)] - 总PING数：40丢包数：40丢包率：100.00
2019-04-26 11:10:23,446 [9] INFO  log4net.AppLog [(null)] - 总PING数：41丢包数：41丢包率：100.00
2019-04-26 11:10:24,446 [9] INFO  log4net.AppLog [(null)] - 总PING数：42丢包数：42丢包率：100.00
2019-04-26 11:10:25,447 [9] INFO  log4net.AppLog [(null)] - 总PING数：43丢包数：43丢包率：100.00
2019-04-26 11:10:26,446 [9] INFO  log4net.AppLog [(null)] - 总PING数：44丢包数：44丢包率：100.00
2019-04-26 11:10:27,446 [9] INFO  log4net.AppLog [(null)] - 总PING数：45丢包数：45丢包率：100.00
2019-04-26 11:10:28,447 [9] INFO  log4net.AppLog [(null)] - 总PING数：46丢包数：46丢包率：100.00
2019-04-26 11:10:29,447 [9] INFO  log4net.AppLog [(null)] - 总PING数：47丢包数：47丢包率：100.00
2019-04-26 11:10:30,446 [9] INFO  log4net.AppLog [(null)] - 总PING数：48丢包数：48丢包率：100.00
2019-04-26 11:10:31,447 [9] INFO  log4net.AppLog [(null)] - 总PING数：49丢包数：49丢包率：100.00
2019-04-26 11:10:32,447 [9] INFO  log4net.AppLog [(null)] - 总PING数：50丢包数：50丢包率：100.00
2019-04-26 11:10:33,446 [9] INFO  log4net.AppLog [(null)] - 总PING数：51丢包数：51丢包率：100.00
2019-04-26 11:10:34,447 [9] INFO  log4net.AppLog [(null)] - 总PING数：52丢包数：52丢包率：100.00
2019-04-26 11:10:35,947 [9] INFO  log4net.AppLog [(null)] - 总PING数：53丢包数：53丢包率：100.00
2019-04-26 11:10:36,946 [9] INFO  log4net.AppLog [(null)] - 总PING数：54丢包数：54丢包率：100.00
2019-04-26 11:10:37,946 [9] INFO  log4net.AppLog [(null)] - 总PING数：55丢包数：55丢包率：100.00
2019-04-26 11:10:38,946 [9] INFO  log4net.AppLog [(null)] - 总PING数：56丢包数：56丢包率：100.00
2019-04-26 11:10:39,946 [9] INFO  log4net.AppLog [(null)] - 总PING数：57丢包数：57丢包率：100.00
2019-04-26 11:10:40,946 [9] INFO  log4net.AppLog [(null)] - 总PING数：58丢包数：58丢包率：100.00
2019-04-26 11:10:41,947 [9] INFO  log4net.AppLog [(null)] - 总PING数：59丢包数：59丢包率：100.00
2019-04-26 11:10:42,948 [9] INFO  log4net.AppLog [(null)] - 总PING数：60丢包数：60丢包率：100.00
2019-04-26 11:10:43,946 [9] INFO  log4net.AppLog [(null)] - 总PING数：1丢包数：1丢包率：100.00
2019-04-26 11:10:44,947 [9] INFO  log4net.AppLog [(null)] - 总PING数：2丢包数：2丢包率：100.00
2019-04-26 11:10:45,947 [9] INFO  log4net.AppLog [(null)] - 总PING数：3丢包数：3丢包率：100.00
2019-04-26 11:10:46,946 [9] INFO  log4net.AppLog [(null)] - 总PING数：4丢包数：4丢包率：100.00
2019-04-26 11:10:47,946 [9] INFO  log4net.AppLog [(null)] - 总PING数：5丢包数：5丢包率：100.00
2019-04-26 11:10:48,946 [9] INFO  log4net.AppLog [(null)] - 总PING数：6丢包数：6丢包率：100.00
2019-04-26 11:10:49,946 [9] INFO  log4net.AppLog [(null)] - 总PING数：7丢包数：7丢包率：100.00
2019-04-26 11:10:50,946 [9] INFO  log4net.AppLog [(null)] - 总PING数：8丢包数：8丢包率：100.00
2019-04-26 11:10:51,947 [9] INFO  log4net.AppLog [(null)] - 总PING数：9丢包数：9丢包率：100.00
2019-04-26 11:10:52,946 [9] INFO  log4net.AppLog [(null)] - 总PING数：10丢包数：10丢包率：100.00
2019-04-26 11:10:53,947 [9] INFO  log4net.AppLog [(null)] - 总PING数：11丢包数：11丢包率：100.00
2019-04-26 11:10:54,947 [9] INFO  log4net.AppLog [(null)] - 总PING数：12丢包数：12丢包率：100.00
2019-04-26 11:10:55,946 [9] INFO  log4net.AppLog [(null)] - 总PING数：13丢包数：13丢包率：100.00
2019-04-26 11:10:56,946 [9] INFO  log4net.AppLog [(null)] - 总PING数：14丢包数：14丢包率：100.00
2019-04-26 11:10:57,947 [9] INFO  log4net.AppLog [(null)] - 总PING数：15丢包数：15丢包率：100.00
2019-04-26 11:10:58,946 [9] INFO  log4net.AppLog [(null)] - 总PING数：16丢包数：16丢包率：100.00
2019-04-26 11:10:59,946 [9] INFO  log4net.AppLog [(null)] - 总PING数：17丢包数：17丢包率：100.00
2019-04-26 11:11:00,947 [9] INFO  log4net.AppLog [(null)] - 总PING数：18丢包数：18丢包率：100.00
2019-04-26 11:11:01,946 [9] INFO  log4net.AppLog [(null)] - 总PING数：19丢包数：19丢包率：100.00
2019-04-26 11:11:02,946 [9] INFO  log4net.AppLog [(null)] - 总PING数：20丢包数：20丢包率：100.00
2019-04-26 11:11:03,947 [9] INFO  log4net.AppLog [(null)] - 总PING数：21丢包数：21丢包率：100.00
2019-04-26 11:11:04,946 [9] INFO  log4net.AppLog [(null)] - 总PING数：22丢包数：22丢包率：100.00
2019-04-26 11:11:05,946 [9] INFO  log4net.AppLog [(null)] - 总PING数：23丢包数：23丢包率：100.00
2019-04-26 11:11:06,948 [9] INFO  log4net.AppLog [(null)] - 总PING数：24丢包数：24丢包率：100.00
2019-04-26 11:11:07,946 [9] INFO  log4net.AppLog [(null)] - 总PING数：25丢包数：25丢包率：100.00
2019-04-26 11:11:08,946 [9] INFO  log4net.AppLog [(null)] - 总PING数：26丢包数：26丢包率：100.00
2019-04-26 11:11:09,947 [9] INFO  log4net.AppLog [(null)] - 总PING数：27丢包数：27丢包率：100.00
2019-04-26 11:11:10,946 [9] INFO  log4net.AppLog [(null)] - 总PING数：28丢包数：28丢包率：100.00
2019-04-26 11:11:11,946 [9] INFO  log4net.AppLog [(null)] - 总PING数：29丢包数：29丢包率：100.00
2019-04-26 11:11:12,947 [9] INFO  log4net.AppLog [(null)] - 总PING数：30丢包数：30丢包率：100.00
2019-04-26 11:11:13,946 [9] INFO  log4net.AppLog [(null)] - 总PING数：31丢包数：31丢包率：100.00
2019-04-26 11:11:14,946 [9] INFO  log4net.AppLog [(null)] - 总PING数：32丢包数：32丢包率：100.00
2019-04-26 11:11:15,947 [9] INFO  log4net.AppLog [(null)] - 总PING数：33丢包数：33丢包率：100.00
2019-04-26 11:11:16,946 [9] INFO  log4net.AppLog [(null)] - 总PING数：34丢包数：34丢包率：100.00
2019-04-26 11:11:17,946 [9] INFO  log4net.AppLog [(null)] - 总PING数：35丢包数：35丢包率：100.00
2019-04-26 11:11:18,947 [9] INFO  log4net.AppLog [(null)] - 总PING数：36丢包数：36丢包率：100.00
2019-04-26 11:11:19,946 [9] INFO  log4net.AppLog [(null)] - 总PING数：37丢包数：37丢包率：100.00
2019-04-26 11:11:20,946 [9] INFO  log4net.AppLog [(null)] - 总PING数：38丢包数：38丢包率：100.00
2019-04-26 11:11:21,947 [9] INFO  log4net.AppLog [(null)] - 总PING数：39丢包数：39丢包率：100.00
2019-04-26 11:11:22,946 [9] INFO  log4net.AppLog [(null)] - 总PING数：40丢包数：40丢包率：100.00
2019-04-26 11:11:23,946 [9] INFO  log4net.AppLog [(null)] - 总PING数：41丢包数：41丢包率：100.00
2019-04-26 11:11:24,946 [9] INFO  log4net.AppLog [(null)] - 总PING数：42丢包数：42丢包率：100.00
2019-04-26 11:11:25,946 [9] INFO  log4net.AppLog [(null)] - 总PING数：43丢包数：43丢包率：100.00
2019-04-26 11:11:26,946 [9] INFO  log4net.AppLog [(null)] - 总PING数：44丢包数：44丢包率：100.00
2019-04-26 11:11:27,946 [9] INFO  log4net.AppLog [(null)] - 总PING数：45丢包数：45丢包率：100.00
2019-04-26 11:11:28,946 [9] INFO  log4net.AppLog [(null)] - 总PING数：46丢包数：46丢包率：100.00
2019-04-26 11:11:29,946 [9] INFO  log4net.AppLog [(null)] - 总PING数：47丢包数：47丢包率：100.00
2019-04-26 11:11:30,947 [9] INFO  log4net.AppLog [(null)] - 总PING数：48丢包数：48丢包率：100.00
2019-04-26 11:11:31,948 [9] INFO  log4net.AppLog [(null)] - 总PING数：49丢包数：49丢包率：100.00
2019-04-26 11:11:32,946 [9] INFO  log4net.AppLog [(null)] - 总PING数：50丢包数：50丢包率：100.00
2019-04-26 11:11:33,947 [9] INFO  log4net.AppLog [(null)] - 总PING数：51丢包数：51丢包率：100.00
2019-04-26 11:11:34,947 [9] INFO  log4net.AppLog [(null)] - 总PING数：52丢包数：52丢包率：100.00
2019-04-26 11:11:35,946 [9] INFO  log4net.AppLog [(null)] - 总PING数：53丢包数：53丢包率：100.00
2019-04-26 11:11:36,946 [9] INFO  log4net.AppLog [(null)] - 总PING数：54丢包数：54丢包率：100.00
2019-04-26 11:11:37,949 [9] INFO  log4net.AppLog [(null)] - 总PING数：55丢包数：55丢包率：100.00
2019-04-26 11:11:38,946 [9] INFO  log4net.AppLog [(null)] - 总PING数：56丢包数：56丢包率：100.00
2019-04-26 11:11:39,946 [9] INFO  log4net.AppLog [(null)] - 总PING数：57丢包数：57丢包率：100.00
2019-04-26 11:11:40,947 [9] INFO  log4net.AppLog [(null)] - 总PING数：58丢包数：58丢包率：100.00
2019-04-26 11:11:41,946 [9] INFO  log4net.AppLog [(null)] - 总PING数：59丢包数：59丢包率：100.00
2019-04-26 11:11:42,946 [9] INFO  log4net.AppLog [(null)] - 总PING数：60丢包数：60丢包率：100.00
2019-04-26 11:11:43,947 [9] INFO  log4net.AppLog [(null)] - 总PING数：1丢包数：1丢包率：100.00
2019-04-26 11:11:44,946 [9] INFO  log4net.AppLog [(null)] - 总PING数：2丢包数：2丢包率：100.00
2019-04-26 11:11:45,946 [9] INFO  log4net.AppLog [(null)] - 总PING数：3丢包数：3丢包率：100.00
2019-04-26 11:11:46,947 [9] INFO  log4net.AppLog [(null)] - 总PING数：4丢包数：4丢包率：100.00
2019-04-26 11:11:47,946 [9] INFO  log4net.AppLog [(null)] - 总PING数：5丢包数：5丢包率：100.00
2019-04-26 11:11:48,946 [9] INFO  log4net.AppLog [(null)] - 总PING数：6丢包数：6丢包率：100.00
2019-04-26 11:11:49,947 [9] INFO  log4net.AppLog [(null)] - 总PING数：7丢包数：7丢包率：100.00
2019-04-26 11:11:50,946 [9] INFO  log4net.AppLog [(null)] - 总PING数：8丢包数：8丢包率：100.00
2019-04-26 11:11:51,946 [9] INFO  log4net.AppLog [(null)] - 总PING数：9丢包数：9丢包率：100.00
2019-04-26 11:11:52,947 [9] INFO  log4net.AppLog [(null)] - 总PING数：10丢包数：10丢包率：100.00
2019-04-26 11:11:53,946 [9] INFO  log4net.AppLog [(null)] - 总PING数：11丢包数：11丢包率：100.00
2019-04-26 11:11:54,946 [9] INFO  log4net.AppLog [(null)] - 总PING数：12丢包数：12丢包率：100.00
2019-04-26 11:11:55,947 [9] INFO  log4net.AppLog [(null)] - 总PING数：13丢包数：13丢包率：100.00
2019-04-26 11:11:56,946 [9] INFO  log4net.AppLog [(null)] - 总PING数：14丢包数：14丢包率：100.00
2019-04-26 11:11:57,946 [9] INFO  log4net.AppLog [(null)] - 总PING数：15丢包数：15丢包率：100.00
2019-04-26 11:11:58,947 [9] INFO  log4net.AppLog [(null)] - 总PING数：16丢包数：16丢包率：100.00
2019-04-26 11:11:59,946 [9] INFO  log4net.AppLog [(null)] - 总PING数：17丢包数：17丢包率：100.00
2019-04-26 11:12:00,946 [9] INFO  log4net.AppLog [(null)] - 总PING数：18丢包数：18丢包率：100.00
2019-04-26 11:12:01,947 [9] INFO  log4net.AppLog [(null)] - 总PING数：19丢包数：19丢包率：100.00
2019-04-26 11:12:02,946 [9] INFO  log4net.AppLog [(null)] - 总PING数：20丢包数：20丢包率：100.00
2019-04-26 11:12:03,946 [9] INFO  log4net.AppLog [(null)] - 总PING数：21丢包数：21丢包率：100.00
2019-04-26 11:12:04,947 [9] INFO  log4net.AppLog [(null)] - 总PING数：22丢包数：22丢包率：100.00
2019-04-26 11:12:05,946 [9] INFO  log4net.AppLog [(null)] - 总PING数：23丢包数：23丢包率：100.00
2019-04-26 11:12:06,946 [9] INFO  log4net.AppLog [(null)] - 总PING数：24丢包数：24丢包率：100.00
2019-04-26 11:12:07,947 [9] INFO  log4net.AppLog [(null)] - 总PING数：25丢包数：25丢包率：100.00
2019-04-26 11:12:08,946 [9] INFO  log4net.AppLog [(null)] - 总PING数：26丢包数：26丢包率：100.00
2019-04-26 11:12:09,946 [9] INFO  log4net.AppLog [(null)] - 总PING数：27丢包数：27丢包率：100.00
2019-04-26 11:12:10,947 [9] INFO  log4net.AppLog [(null)] - 总PING数：28丢包数：28丢包率：100.00
2019-04-26 11:12:11,946 [9] INFO  log4net.AppLog [(null)] - 总PING数：29丢包数：29丢包率：100.00
2019-04-26 11:12:12,946 [9] INFO  log4net.AppLog [(null)] - 总PING数：30丢包数：30丢包率：100.00
2019-04-26 11:12:13,946 [9] INFO  log4net.AppLog [(null)] - 总PING数：31丢包数：31丢包率：100.00
2019-04-26 11:12:14,946 [9] INFO  log4net.AppLog [(null)] - 总PING数：32丢包数：32丢包率：100.00
2019-04-26 11:12:15,946 [9] INFO  log4net.AppLog [(null)] - 总PING数：33丢包数：33丢包率：100.00
2019-04-26 11:12:16,947 [9] INFO  log4net.AppLog [(null)] - 总PING数：34丢包数：34丢包率：100.00
2019-04-26 11:12:17,946 [9] INFO  log4net.AppLog [(null)] - 总PING数：35丢包数：35丢包率：100.00
2019-04-26 11:12:18,946 [9] INFO  log4net.AppLog [(null)] - 总PING数：36丢包数：36丢包率：100.00
2019-04-26 11:12:19,947 [9] INFO  log4net.AppLog [(null)] - 总PING数：37丢包数：37丢包率：100.00
2019-04-26 11:12:20,946 [9] INFO  log4net.AppLog [(null)] - 总PING数：38丢包数：38丢包率：100.00
2019-04-26 11:12:21,946 [9] INFO  log4net.AppLog [(null)] - 总PING数：39丢包数：39丢包率：100.00
2019-04-26 11:12:22,946 [9] INFO  log4net.AppLog [(null)] - 总PING数：40丢包数：40丢包率：100.00
2019-04-26 11:12:23,947 [9] INFO  log4net.AppLog [(null)] - 总PING数：41丢包数：41丢包率：100.00
2019-04-26 11:12:24,946 [9] INFO  log4net.AppLog [(null)] - 总PING数：42丢包数：42丢包率：100.00
2019-04-26 11:12:25,946 [9] INFO  log4net.AppLog [(null)] - 总PING数：43丢包数：43丢包率：100.00
2019-04-26 11:12:26,947 [9] INFO  log4net.AppLog [(null)] - 总PING数：44丢包数：44丢包率：100.00
2019-04-26 11:12:27,946 [9] INFO  log4net.AppLog [(null)] - 总PING数：45丢包数：45丢包率：100.00
2019-04-26 11:12:28,946 [9] INFO  log4net.AppLog [(null)] - 总PING数：46丢包数：46丢包率：100.00
2019-04-26 11:12:29,947 [9] INFO  log4net.AppLog [(null)] - 总PING数：47丢包数：47丢包率：100.00
2019-04-26 11:12:30,946 [9] INFO  log4net.AppLog [(null)] - 总PING数：48丢包数：48丢包率：100.00
2019-04-26 11:12:31,946 [9] INFO  log4net.AppLog [(null)] - 总PING数：49丢包数：49丢包率：100.00
2019-04-26 11:12:32,947 [9] INFO  log4net.AppLog [(null)] - 总PING数：50丢包数：50丢包率：100.00
2019-04-26 11:12:33,946 [9] INFO  log4net.AppLog [(null)] - 总PING数：51丢包数：51丢包率：100.00
2019-04-26 11:12:34,946 [9] INFO  log4net.AppLog [(null)] - 总PING数：52丢包数：52丢包率：100.00
2019-04-26 11:12:35,947 [9] INFO  log4net.AppLog [(null)] - 总PING数：53丢包数：53丢包率：100.00
2019-04-26 11:12:36,946 [9] INFO  log4net.AppLog [(null)] - 总PING数：54丢包数：54丢包率：100.00
2019-04-26 11:12:37,946 [9] INFO  log4net.AppLog [(null)] - 总PING数：55丢包数：55丢包率：100.00
2019-04-26 11:12:38,947 [9] INFO  log4net.AppLog [(null)] - 总PING数：56丢包数：56丢包率：100.00
2019-04-26 11:12:39,946 [9] INFO  log4net.AppLog [(null)] - 总PING数：57丢包数：57丢包率：100.00
2019-04-26 11:12:40,946 [9] INFO  log4net.AppLog [(null)] - 总PING数：58丢包数：58丢包率：100.00
2019-04-26 11:12:41,947 [9] INFO  log4net.AppLog [(null)] - 总PING数：59丢包数：59丢包率：100.00
2019-04-26 11:12:42,946 [9] INFO  log4net.AppLog [(null)] - 总PING数：60丢包数：60丢包率：100.00
2019-04-26 11:12:43,946 [9] INFO  log4net.AppLog [(null)] - 总PING数：1丢包数：1丢包率：100.00
2019-04-26 11:12:44,947 [9] INFO  log4net.AppLog [(null)] - 总PING数：2丢包数：2丢包率：100.00
2019-04-26 11:12:45,946 [9] INFO  log4net.AppLog [(null)] - 总PING数：3丢包数：3丢包率：100.00
2019-04-26 11:12:46,946 [9] INFO  log4net.AppLog [(null)] - 总PING数：4丢包数：4丢包率：100.00
2019-04-26 11:12:47,949 [9] INFO  log4net.AppLog [(null)] - 总PING数：5丢包数：5丢包率：100.00
2019-04-26 11:12:48,946 [9] INFO  log4net.AppLog [(null)] - 总PING数：6丢包数：6丢包率：100.00
2019-04-26 11:12:49,947 [9] INFO  log4net.AppLog [(null)] - 总PING数：7丢包数：7丢包率：100.00
2019-04-26 11:12:50,946 [9] INFO  log4net.AppLog [(null)] - 总PING数：8丢包数：8丢包率：100.00
2019-04-26 11:12:51,946 [9] INFO  log4net.AppLog [(null)] - 总PING数：9丢包数：9丢包率：100.00
2019-04-26 11:12:52,947 [9] INFO  log4net.AppLog [(null)] - 总PING数：10丢包数：10丢包率：100.00
2019-04-26 11:12:53,946 [9] INFO  log4net.AppLog [(null)] - 总PING数：11丢包数：11丢包率：100.00
2019-04-26 11:12:54,946 [9] INFO  log4net.AppLog [(null)] - 总PING数：12丢包数：12丢包率：100.00
2019-04-26 11:12:55,947 [9] INFO  log4net.AppLog [(null)] - 总PING数：13丢包数：13丢包率：100.00
2019-04-26 11:12:56,947 [9] INFO  log4net.AppLog [(null)] - 总PING数：14丢包数：14丢包率：100.00
2019-04-26 11:12:57,946 [9] INFO  log4net.AppLog [(null)] - 总PING数：15丢包数：15丢包率：100.00
2019-04-26 11:12:58,946 [9] INFO  log4net.AppLog [(null)] - 总PING数：16丢包数：16丢包率：100.00
2019-04-26 11:12:59,947 [9] INFO  log4net.AppLog [(null)] - 总PING数：17丢包数：17丢包率：100.00
2019-04-26 11:13:00,946 [9] INFO  log4net.AppLog [(null)] - 总PING数：18丢包数：18丢包率：100.00
2019-04-26 11:13:01,946 [9] INFO  log4net.AppLog [(null)] - 总PING数：19丢包数：19丢包率：100.00
2019-04-26 11:13:02,947 [9] INFO  log4net.AppLog [(null)] - 总PING数：20丢包数：20丢包率：100.00
2019-04-26 11:13:03,946 [9] INFO  log4net.AppLog [(null)] - 总PING数：21丢包数：21丢包率：100.00
2019-04-26 11:13:04,946 [9] INFO  log4net.AppLog [(null)] - 总PING数：22丢包数：22丢包率：100.00
2019-04-26 11:13:05,947 [9] INFO  log4net.AppLog [(null)] - 总PING数：23丢包数：23丢包率：100.00
2019-04-26 11:13:06,946 [9] INFO  log4net.AppLog [(null)] - 总PING数：24丢包数：24丢包率：100.00
2019-04-26 11:13:07,946 [9] INFO  log4net.AppLog [(null)] - 总PING数：25丢包数：25丢包率：100.00
2019-04-26 11:13:08,947 [9] INFO  log4net.AppLog [(null)] - 总PING数：26丢包数：26丢包率：100.00
2019-04-26 11:13:09,946 [9] INFO  log4net.AppLog [(null)] - 总PING数：27丢包数：27丢包率：100.00
2019-04-26 11:13:10,946 [9] INFO  log4net.AppLog [(null)] - 总PING数：28丢包数：28丢包率：100.00
2019-04-26 11:13:11,947 [9] INFO  log4net.AppLog [(null)] - 总PING数：29丢包数：29丢包率：100.00
2019-04-26 11:13:12,946 [9] INFO  log4net.AppLog [(null)] - 总PING数：30丢包数：30丢包率：100.00
2019-04-26 11:13:13,946 [9] INFO  log4net.AppLog [(null)] - 总PING数：31丢包数：31丢包率：100.00
2019-04-26 11:13:14,947 [9] INFO  log4net.AppLog [(null)] - 总PING数：32丢包数：32丢包率：100.00
2019-04-26 11:13:15,946 [9] INFO  log4net.AppLog [(null)] - 总PING数：33丢包数：33丢包率：100.00
2019-04-26 11:13:16,946 [9] INFO  log4net.AppLog [(null)] - 总PING数：34丢包数：34丢包率：100.00
2019-04-26 11:13:17,947 [9] INFO  log4net.AppLog [(null)] - 总PING数：35丢包数：35丢包率：100.00
2019-04-26 11:13:18,946 [9] INFO  log4net.AppLog [(null)] - 总PING数：36丢包数：36丢包率：100.00
2019-04-26 11:13:19,946 [9] INFO  log4net.AppLog [(null)] - 总PING数：37丢包数：37丢包率：100.00
2019-04-26 11:14:17,826 [9] INFO  log4net.AppLog [(null)] - UDP监听器已成功启动
2019-04-26 11:14:17,946 [9] INFO  log4net.AppLog [(null)] - 总PING数：1丢包数：1丢包率：100.00
2019-04-26 11:14:18,946 [9] INFO  log4net.AppLog [(null)] - 总PING数：2丢包数：2丢包率：100.00
2019-04-26 11:14:19,946 [9] INFO  log4net.AppLog [(null)] - 总PING数：3丢包数：3丢包率：100.00
2019-04-26 11:14:20,946 [9] INFO  log4net.AppLog [(null)] - 总PING数：4丢包数：4丢包率：100.00
2019-04-26 11:14:21,946 [9] INFO  log4net.AppLog [(null)] - 总PING数：5丢包数：5丢包率：100.00
2019-04-26 11:14:22,947 [9] INFO  log4net.AppLog [(null)] - 总PING数：6丢包数：6丢包率：100.00
2019-04-26 11:14:23,946 [9] INFO  log4net.AppLog [(null)] - 总PING数：7丢包数：7丢包率：100.00
2019-04-26 11:14:24,946 [9] INFO  log4net.AppLog [(null)] - 总PING数：8丢包数：8丢包率：100.00
2019-04-26 11:14:25,946 [9] INFO  log4net.AppLog [(null)] - 总PING数：9丢包数：9丢包率：100.00
2019-04-26 11:14:26,946 [9] INFO  log4net.AppLog [(null)] - 总PING数：10丢包数：10丢包率：100.00
2019-04-26 11:14:27,946 [9] INFO  log4net.AppLog [(null)] - 总PING数：11丢包数：11丢包率：100.00
2019-04-26 11:14:28,947 [9] INFO  log4net.AppLog [(null)] - 总PING数：12丢包数：12丢包率：100.00
2019-04-26 11:14:29,946 [9] INFO  log4net.AppLog [(null)] - 总PING数：13丢包数：13丢包率：100.00
2019-04-26 11:14:30,946 [9] INFO  log4net.AppLog [(null)] - 总PING数：14丢包数：14丢包率：100.00
2019-04-26 11:14:31,946 [9] INFO  log4net.AppLog [(null)] - 总PING数：15丢包数：15丢包率：100.00
2019-04-26 11:14:32,946 [9] INFO  log4net.AppLog [(null)] - 总PING数：16丢包数：16丢包率：100.00
2019-04-26 11:14:33,946 [9] INFO  log4net.AppLog [(null)] - 总PING数：17丢包数：17丢包率：100.00
2019-04-26 11:14:34,947 [9] INFO  log4net.AppLog [(null)] - 总PING数：18丢包数：18丢包率：100.00
2019-04-26 11:14:35,946 [9] INFO  log4net.AppLog [(null)] - 总PING数：19丢包数：19丢包率：100.00
2019-04-26 11:14:36,946 [9] INFO  log4net.AppLog [(null)] - 总PING数：20丢包数：20丢包率：100.00
2019-04-26 11:14:37,946 [9] INFO  log4net.AppLog [(null)] - 总PING数：21丢包数：21丢包率：100.00
2019-04-26 11:14:38,946 [9] INFO  log4net.AppLog [(null)] - 总PING数：22丢包数：22丢包率：100.00
2019-04-26 11:14:39,946 [9] INFO  log4net.AppLog [(null)] - 总PING数：23丢包数：23丢包率：100.00
2019-04-26 11:14:40,946 [9] INFO  log4net.AppLog [(null)] - 总PING数：24丢包数：24丢包率：100.00
2019-04-26 11:14:41,947 [9] INFO  log4net.AppLog [(null)] - 总PING数：25丢包数：25丢包率：100.00
2019-04-26 11:14:42,946 [9] INFO  log4net.AppLog [(null)] - 总PING数：26丢包数：26丢包率：100.00
2019-04-26 11:14:43,946 [9] INFO  log4net.AppLog [(null)] - 总PING数：27丢包数：27丢包率：100.00
2019-04-26 11:14:44,947 [9] INFO  log4net.AppLog [(null)] - 总PING数：28丢包数：28丢包率：100.00
2019-04-26 11:14:45,946 [9] INFO  log4net.AppLog [(null)] - 总PING数：29丢包数：29丢包率：100.00
2019-04-26 11:14:46,947 [9] INFO  log4net.AppLog [(null)] - 总PING数：30丢包数：30丢包率：100.00
2019-04-26 11:14:47,947 [9] INFO  log4net.AppLog [(null)] - 总PING数：31丢包数：31丢包率：100.00
2019-04-26 11:14:48,946 [9] INFO  log4net.AppLog [(null)] - 总PING数：32丢包数：32丢包率：100.00
2019-04-26 11:14:49,946 [9] INFO  log4net.AppLog [(null)] - 总PING数：33丢包数：33丢包率：100.00
2019-04-26 11:14:50,947 [9] INFO  log4net.AppLog [(null)] - 总PING数：34丢包数：34丢包率：100.00
2019-04-26 11:14:51,946 [9] INFO  log4net.AppLog [(null)] - 总PING数：35丢包数：35丢包率：100.00
2019-04-26 11:15:13,447 [9] INFO  log4net.AppLog [(null)] - 总PING数：36丢包数：36丢包率：100.00
2019-04-26 11:15:15,446 [9] INFO  log4net.AppLog [(null)] - 总PING数：37丢包数：37丢包率：100.00
2019-04-26 11:15:15,947 [9] INFO  log4net.AppLog [(null)] - 总PING数：38丢包数：38丢包率：100.00
2019-04-26 11:15:16,447 [9] INFO  log4net.AppLog [(null)] - 总PING数：39丢包数：39丢包率：100.00
2019-04-26 11:15:16,946 [9] INFO  log4net.AppLog [(null)] - 总PING数：40丢包数：40丢包率：100.00
2019-04-26 11:15:17,447 [9] INFO  log4net.AppLog [(null)] - 总PING数：41丢包数：41丢包率：100.00
2019-04-26 11:15:17,946 [9] INFO  log4net.AppLog [(null)] - 总PING数：42丢包数：42丢包率：100.00
2019-04-26 11:15:18,446 [9] INFO  log4net.AppLog [(null)] - 总PING数：43丢包数：43丢包率：100.00
2019-04-26 11:15:18,947 [9] INFO  log4net.AppLog [(null)] - 总PING数：44丢包数：44丢包率：100.00
2019-04-26 11:15:19,446 [9] INFO  log4net.AppLog [(null)] - 总PING数：45丢包数：45丢包率：100.00
2019-04-26 11:15:20,447 [9] INFO  log4net.AppLog [(null)] - 总PING数：46丢包数：46丢包率：100.00
2019-04-26 11:15:21,446 [9] INFO  log4net.AppLog [(null)] - 总PING数：47丢包数：47丢包率：100.00
2019-04-26 11:15:22,447 [9] INFO  log4net.AppLog [(null)] - 总PING数：48丢包数：48丢包率：100.00
2019-04-26 11:15:23,447 [9] INFO  log4net.AppLog [(null)] - 总PING数：49丢包数：49丢包率：100.00
2019-04-26 11:15:24,446 [9] INFO  log4net.AppLog [(null)] - 总PING数：50丢包数：50丢包率：100.00
2019-04-26 11:15:25,447 [9] INFO  log4net.AppLog [(null)] - 总PING数：51丢包数：51丢包率：100.00
2019-04-26 11:15:26,447 [9] INFO  log4net.AppLog [(null)] - 总PING数：52丢包数：52丢包率：100.00
2019-04-26 11:15:27,446 [9] INFO  log4net.AppLog [(null)] - 总PING数：53丢包数：53丢包率：100.00
2019-04-26 11:15:28,446 [9] INFO  log4net.AppLog [(null)] - 总PING数：54丢包数：54丢包率：100.00
2019-04-26 11:15:29,447 [9] INFO  log4net.AppLog [(null)] - 总PING数：55丢包数：55丢包率：100.00
2019-04-26 11:15:30,446 [9] INFO  log4net.AppLog [(null)] - 总PING数：56丢包数：56丢包率：100.00
2019-04-26 11:15:31,446 [9] INFO  log4net.AppLog [(null)] - 总PING数：57丢包数：57丢包率：100.00
2019-04-26 11:15:32,447 [9] INFO  log4net.AppLog [(null)] - 总PING数：58丢包数：58丢包率：100.00
2019-04-26 11:16:37,809 [9] INFO  log4net.AppLog [(null)] - UDP监听器已成功启动
2019-04-26 11:16:37,947 [9] INFO  log4net.AppLog [(null)] - 总PING数：1丢包数：1丢包率：100.00
2019-04-26 11:16:38,946 [9] INFO  log4net.AppLog [(null)] - 总PING数：2丢包数：2丢包率：100.00
2019-04-26 11:16:39,946 [9] INFO  log4net.AppLog [(null)] - 总PING数：3丢包数：3丢包率：100.00
2019-04-26 11:16:40,947 [9] INFO  log4net.AppLog [(null)] - 总PING数：4丢包数：4丢包率：100.00
2019-04-26 11:16:41,946 [9] INFO  log4net.AppLog [(null)] - 总PING数：5丢包数：5丢包率：100.00
2019-04-26 11:16:42,946 [9] INFO  log4net.AppLog [(null)] - 总PING数：6丢包数：6丢包率：100.00
2019-04-26 11:16:43,947 [9] INFO  log4net.AppLog [(null)] - 总PING数：7丢包数：7丢包率：100.00
2019-04-26 11:16:44,946 [9] INFO  log4net.AppLog [(null)] - 总PING数：8丢包数：8丢包率：100.00
2019-04-26 11:16:45,946 [9] INFO  log4net.AppLog [(null)] - 总PING数：9丢包数：9丢包率：100.00
2019-04-26 11:16:46,947 [9] INFO  log4net.AppLog [(null)] - 总PING数：10丢包数：10丢包率：100.00
2019-04-26 11:16:47,946 [9] INFO  log4net.AppLog [(null)] - 总PING数：11丢包数：11丢包率：100.00
2019-04-26 11:16:48,946 [9] INFO  log4net.AppLog [(null)] - 总PING数：12丢包数：12丢包率：100.00
2019-04-26 11:16:49,947 [9] INFO  log4net.AppLog [(null)] - 总PING数：13丢包数：13丢包率：100.00
2019-04-26 11:16:50,946 [9] INFO  log4net.AppLog [(null)] - 总PING数：14丢包数：14丢包率：100.00
2019-04-26 11:16:51,946 [9] INFO  log4net.AppLog [(null)] - 总PING数：15丢包数：15丢包率：100.00
2019-04-26 11:16:52,947 [9] INFO  log4net.AppLog [(null)] - 总PING数：16丢包数：16丢包率：100.00
2019-04-26 11:16:53,946 [9] INFO  log4net.AppLog [(null)] - 总PING数：17丢包数：17丢包率：100.00
2019-04-26 11:16:54,946 [9] INFO  log4net.AppLog [(null)] - 总PING数：18丢包数：18丢包率：100.00
2019-04-26 11:16:55,947 [9] INFO  log4net.AppLog [(null)] - 总PING数：19丢包数：19丢包率：100.00
2019-04-26 11:16:56,947 [9] INFO  log4net.AppLog [(null)] - 总PING数：20丢包数：20丢包率：100.00
2019-04-26 11:16:57,946 [9] INFO  log4net.AppLog [(null)] - 总PING数：21丢包数：21丢包率：100.00
2019-04-26 11:16:58,947 [9] INFO  log4net.AppLog [(null)] - 总PING数：22丢包数：22丢包率：100.00
2019-04-26 11:16:59,947 [9] INFO  log4net.AppLog [(null)] - 总PING数：23丢包数：23丢包率：100.00
2019-04-26 11:17:00,946 [9] INFO  log4net.AppLog [(null)] - 总PING数：24丢包数：24丢包率：100.00
2019-04-26 11:17:01,947 [9] INFO  log4net.AppLog [(null)] - 总PING数：25丢包数：25丢包率：100.00
2019-04-26 11:17:02,946 [9] INFO  log4net.AppLog [(null)] - 总PING数：26丢包数：26丢包率：100.00
2019-04-26 11:17:03,946 [9] INFO  log4net.AppLog [(null)] - 总PING数：27丢包数：27丢包率：100.00
2019-04-26 11:17:04,947 [9] INFO  log4net.AppLog [(null)] - 总PING数：28丢包数：28丢包率：100.00
2019-04-26 11:17:05,946 [9] INFO  log4net.AppLog [(null)] - 总PING数：29丢包数：29丢包率：100.00
2019-04-26 11:17:06,946 [9] INFO  log4net.AppLog [(null)] - 总PING数：30丢包数：30丢包率：100.00
2019-04-26 11:17:07,947 [9] INFO  log4net.AppLog [(null)] - 总PING数：31丢包数：31丢包率：100.00
2019-04-26 11:17:08,946 [9] INFO  log4net.AppLog [(null)] - 总PING数：32丢包数：32丢包率：100.00
2019-04-26 11:17:09,946 [9] INFO  log4net.AppLog [(null)] - 总PING数：33丢包数：33丢包率：100.00
2019-04-26 11:17:10,947 [9] INFO  log4net.AppLog [(null)] - 总PING数：34丢包数：34丢包率：100.00
2019-04-26 11:17:11,946 [9] INFO  log4net.AppLog [(null)] - 总PING数：35丢包数：35丢包率：100.00
2019-04-26 11:17:12,946 [9] INFO  log4net.AppLog [(null)] - 总PING数：36丢包数：36丢包率：100.00
2019-04-26 11:17:13,947 [9] INFO  log4net.AppLog [(null)] - 总PING数：37丢包数：37丢包率：100.00
2019-04-26 11:17:14,947 [9] INFO  log4net.AppLog [(null)] - 总PING数：38丢包数：38丢包率：100.00
2019-04-26 11:17:15,946 [9] INFO  log4net.AppLog [(null)] - 总PING数：39丢包数：39丢包率：100.00
2019-04-26 11:17:16,946 [9] INFO  log4net.AppLog [(null)] - 总PING数：40丢包数：40丢包率：100.00
2019-04-26 11:17:17,947 [9] INFO  log4net.AppLog [(null)] - 总PING数：41丢包数：41丢包率：100.00
2019-04-26 11:17:18,946 [9] INFO  log4net.AppLog [(null)] - 总PING数：42丢包数：42丢包率：100.00
2019-04-26 11:17:19,946 [9] INFO  log4net.AppLog [(null)] - 总PING数：43丢包数：43丢包率：100.00
2019-04-26 11:17:20,947 [9] INFO  log4net.AppLog [(null)] - 总PING数：44丢包数：44丢包率：100.00
2019-04-26 11:17:21,946 [9] INFO  log4net.AppLog [(null)] - 总PING数：45丢包数：45丢包率：100.00
2019-04-26 11:17:22,946 [9] INFO  log4net.AppLog [(null)] - 总PING数：46丢包数：46丢包率：100.00
2019-04-26 11:17:23,947 [9] INFO  log4net.AppLog [(null)] - 总PING数：47丢包数：47丢包率：100.00
2019-04-26 11:17:24,946 [9] INFO  log4net.AppLog [(null)] - 总PING数：48丢包数：48丢包率：100.00
2019-04-26 11:17:25,946 [9] INFO  log4net.AppLog [(null)] - 总PING数：49丢包数：49丢包率：100.00
2019-04-26 11:17:26,947 [9] INFO  log4net.AppLog [(null)] - 总PING数：50丢包数：50丢包率：100.00
2019-04-26 11:17:27,946 [9] INFO  log4net.AppLog [(null)] - 总PING数：51丢包数：51丢包率：100.00
2019-04-26 11:17:48,747 [10] INFO  log4net.AppLog [(null)] - UDP监听器已成功启动
2019-04-26 11:17:48,947 [10] INFO  log4net.AppLog [(null)] - 总PING数：1丢包数：1丢包率：100.00
2019-04-26 11:17:49,946 [10] INFO  log4net.AppLog [(null)] - 总PING数：2丢包数：2丢包率：100.00
2019-04-26 11:17:50,947 [10] INFO  log4net.AppLog [(null)] - 总PING数：3丢包数：3丢包率：100.00
2019-04-26 11:17:51,946 [10] INFO  log4net.AppLog [(null)] - 总PING数：4丢包数：4丢包率：100.00
2019-04-26 11:17:52,946 [10] INFO  log4net.AppLog [(null)] - 总PING数：5丢包数：5丢包率：100.00
2019-04-26 11:17:53,947 [10] INFO  log4net.AppLog [(null)] - 总PING数：6丢包数：6丢包率：100.00
2019-04-26 11:17:54,946 [10] INFO  log4net.AppLog [(null)] - 总PING数：7丢包数：7丢包率：100.00
2019-04-26 11:17:55,946 [10] INFO  log4net.AppLog [(null)] - 总PING数：8丢包数：8丢包率：100.00
2019-04-26 11:17:56,947 [10] INFO  log4net.AppLog [(null)] - 总PING数：9丢包数：9丢包率：100.00
2019-04-26 11:17:57,947 [10] INFO  log4net.AppLog [(null)] - 总PING数：10丢包数：10丢包率：100.00
2019-04-26 11:17:58,946 [10] INFO  log4net.AppLog [(null)] - 总PING数：11丢包数：11丢包率：100.00
2019-04-26 11:17:59,947 [10] INFO  log4net.AppLog [(null)] - 总PING数：12丢包数：12丢包率：100.00
2019-04-26 11:18:00,946 [10] INFO  log4net.AppLog [(null)] - 总PING数：13丢包数：13丢包率：100.00
2019-04-26 11:18:01,946 [10] INFO  log4net.AppLog [(null)] - 总PING数：14丢包数：14丢包率：100.00
2019-04-26 11:18:02,947 [10] INFO  log4net.AppLog [(null)] - 总PING数：15丢包数：15丢包率：100.00
2019-04-26 11:18:03,947 [10] INFO  log4net.AppLog [(null)] - 总PING数：16丢包数：16丢包率：100.00
2019-04-26 11:18:04,946 [10] INFO  log4net.AppLog [(null)] - 总PING数：17丢包数：17丢包率：100.00
2019-04-26 11:18:05,946 [10] INFO  log4net.AppLog [(null)] - 总PING数：18丢包数：18丢包率：100.00
2019-04-26 11:18:06,947 [10] INFO  log4net.AppLog [(null)] - 总PING数：19丢包数：19丢包率：100.00
2019-04-26 11:18:07,946 [10] INFO  log4net.AppLog [(null)] - 总PING数：20丢包数：20丢包率：100.00
2019-04-26 11:18:08,946 [10] INFO  log4net.AppLog [(null)] - 总PING数：21丢包数：21丢包率：100.00
2019-04-26 11:18:09,947 [10] INFO  log4net.AppLog [(null)] - 总PING数：22丢包数：22丢包率：100.00
2019-04-26 11:18:10,946 [10] INFO  log4net.AppLog [(null)] - 总PING数：23丢包数：23丢包率：100.00
2019-04-26 11:18:11,946 [10] INFO  log4net.AppLog [(null)] - 总PING数：24丢包数：24丢包率：100.00
2019-04-26 11:18:12,947 [10] INFO  log4net.AppLog [(null)] - 总PING数：25丢包数：25丢包率：100.00
2019-04-26 11:18:13,946 [10] INFO  log4net.AppLog [(null)] - 总PING数：26丢包数：26丢包率：100.00
2019-04-26 11:18:14,946 [10] INFO  log4net.AppLog [(null)] - 总PING数：27丢包数：27丢包率：100.00
2019-04-26 11:18:15,947 [10] INFO  log4net.AppLog [(null)] - 总PING数：28丢包数：28丢包率：100.00
2019-04-26 11:18:16,946 [10] INFO  log4net.AppLog [(null)] - 总PING数：29丢包数：29丢包率：100.00
2019-04-26 11:18:17,946 [10] INFO  log4net.AppLog [(null)] - 总PING数：30丢包数：30丢包率：100.00
2019-04-26 11:18:18,947 [10] INFO  log4net.AppLog [(null)] - 总PING数：31丢包数：31丢包率：100.00
2019-04-26 11:18:27,803 [9] INFO  log4net.AppLog [(null)] - UDP监听器已成功启动
2019-04-26 11:18:28,446 [9] INFO  log4net.AppLog [(null)] - 总PING数：1丢包数：1丢包率：100.00
2019-04-26 11:18:28,946 [9] INFO  log4net.AppLog [(null)] - 总PING数：2丢包数：2丢包率：100.00
2019-04-26 11:18:29,946 [9] INFO  log4net.AppLog [(null)] - 总PING数：3丢包数：3丢包率：100.00
2019-04-26 11:18:30,947 [9] INFO  log4net.AppLog [(null)] - 总PING数：4丢包数：4丢包率：100.00
2019-04-26 11:18:31,946 [9] INFO  log4net.AppLog [(null)] - 总PING数：5丢包数：5丢包率：100.00
2019-04-26 11:18:32,946 [9] INFO  log4net.AppLog [(null)] - 总PING数：6丢包数：6丢包率：100.00
2019-04-26 11:18:33,947 [9] INFO  log4net.AppLog [(null)] - 总PING数：7丢包数：7丢包率：100.00
2019-04-26 11:18:34,946 [9] INFO  log4net.AppLog [(null)] - 总PING数：8丢包数：8丢包率：100.00
2019-04-26 11:18:35,946 [9] INFO  log4net.AppLog [(null)] - 总PING数：9丢包数：9丢包率：100.00
2019-04-26 11:18:36,947 [9] INFO  log4net.AppLog [(null)] - 总PING数：10丢包数：10丢包率：100.00
2019-04-26 11:18:37,946 [9] INFO  log4net.AppLog [(null)] - 总PING数：11丢包数：11丢包率：100.00
2019-04-26 11:18:38,946 [9] INFO  log4net.AppLog [(null)] - 总PING数：12丢包数：12丢包率：100.00
2019-04-26 11:18:39,947 [9] INFO  log4net.AppLog [(null)] - 总PING数：13丢包数：13丢包率：100.00
2019-04-26 11:18:40,946 [9] INFO  log4net.AppLog [(null)] - 总PING数：14丢包数：14丢包率：100.00
2019-04-26 11:18:41,946 [9] INFO  log4net.AppLog [(null)] - 总PING数：15丢包数：15丢包率：100.00
2019-04-26 11:18:42,947 [9] INFO  log4net.AppLog [(null)] - 总PING数：16丢包数：16丢包率：100.00
2019-04-26 11:18:43,946 [9] INFO  log4net.AppLog [(null)] - 总PING数：17丢包数：17丢包率：100.00
2019-04-26 11:18:44,946 [9] INFO  log4net.AppLog [(null)] - 总PING数：18丢包数：18丢包率：100.00
2019-04-26 11:18:45,947 [9] INFO  log4net.AppLog [(null)] - 总PING数：19丢包数：19丢包率：100.00
2019-04-26 11:18:46,946 [9] INFO  log4net.AppLog [(null)] - 总PING数：20丢包数：20丢包率：100.00
2019-04-26 11:18:47,946 [9] INFO  log4net.AppLog [(null)] - 总PING数：21丢包数：21丢包率：100.00
2019-04-26 11:18:48,947 [9] INFO  log4net.AppLog [(null)] - 总PING数：22丢包数：22丢包率：100.00
2019-04-26 11:18:49,946 [9] INFO  log4net.AppLog [(null)] - 总PING数：23丢包数：23丢包率：100.00
2019-04-26 11:18:50,946 [9] INFO  log4net.AppLog [(null)] - 总PING数：24丢包数：24丢包率：100.00
2019-04-26 11:18:51,947 [9] INFO  log4net.AppLog [(null)] - 总PING数：25丢包数：25丢包率：100.00
2019-04-26 11:18:52,946 [9] INFO  log4net.AppLog [(null)] - 总PING数：26丢包数：26丢包率：100.00
2019-04-26 11:18:53,946 [9] INFO  log4net.AppLog [(null)] - 总PING数：27丢包数：27丢包率：100.00
2019-04-26 11:18:54,947 [9] INFO  log4net.AppLog [(null)] - 总PING数：28丢包数：28丢包率：100.00
2019-04-26 11:18:55,946 [9] INFO  log4net.AppLog [(null)] - 总PING数：29丢包数：29丢包率：100.00
2019-04-26 11:18:56,946 [9] INFO  log4net.AppLog [(null)] - 总PING数：30丢包数：30丢包率：100.00
2019-04-26 11:18:57,947 [9] INFO  log4net.AppLog [(null)] - 总PING数：31丢包数：31丢包率：100.00
2019-04-26 11:18:58,947 [9] INFO  log4net.AppLog [(null)] - 总PING数：32丢包数：32丢包率：100.00
2019-04-26 11:18:59,946 [9] INFO  log4net.AppLog [(null)] - 总PING数：33丢包数：33丢包率：100.00
2019-04-26 11:19:00,947 [9] INFO  log4net.AppLog [(null)] - 总PING数：34丢包数：34丢包率：100.00
2019-04-26 11:19:01,946 [9] INFO  log4net.AppLog [(null)] - 总PING数：35丢包数：35丢包率：100.00
2019-04-26 11:19:02,946 [9] INFO  log4net.AppLog [(null)] - 总PING数：36丢包数：36丢包率：100.00
2019-04-26 11:19:03,947 [9] INFO  log4net.AppLog [(null)] - 总PING数：37丢包数：37丢包率：100.00
2019-04-26 11:19:04,946 [9] INFO  log4net.AppLog [(null)] - 总PING数：38丢包数：38丢包率：100.00
2019-04-26 11:19:05,946 [9] INFO  log4net.AppLog [(null)] - 总PING数：39丢包数：39丢包率：100.00
2019-04-26 11:19:06,947 [9] INFO  log4net.AppLog [(null)] - 总PING数：40丢包数：40丢包率：100.00
2019-04-26 11:19:07,947 [9] INFO  log4net.AppLog [(null)] - 总PING数：41丢包数：41丢包率：100.00
2019-04-26 11:19:08,946 [9] INFO  log4net.AppLog [(null)] - 总PING数：42丢包数：42丢包率：100.00
2019-04-26 11:19:09,946 [9] INFO  log4net.AppLog [(null)] - 总PING数：43丢包数：43丢包率：100.00
